<?xml version="1.0" encoding="utf-8"?>
<TestRun id="55d9ab9a-ad9c-4c85-b57d-2e98bc73e14c" name="a-r7m@BOUDY 2026-06-19 18:18:37" runUser="BOUDY\a-r7m" xmlns="http://microsoft.com/schemas/VisualStudio/TeamTest/2010">
  <Times creation="2026-06-19T18:18:37.1698465+03:00" queuing="2026-06-19T18:18:37.1698473+03:00" start="2026-06-19T18:18:19.5461429+03:00" finish="2026-06-19T18:18:38.9931609+03:00" />
  <TestSettings name="default" id="dcf04247-ea0d-4ff4-81e8-cf1dbc5d2da8">
    <Deployment runDeploymentRoot="a-r7m_BOUDY_2026-06-19_18_18_37" />
  </TestSettings>
  <Results>
    <UnitTestResult executionId="e1ad57ef-73e8-420c-9e00-4d70157c5b27" testId="08fde37a-4151-5d71-d905-5517826303dc" testName="Zahy.PlatformIntegration.OrderLedgerWebhookFlowTests.Should_Enqueue_Exactly_One_OrderCreated_On_New_Ingest" computerName="BOUDY" duration="00:00:00.3460827" startTime="2026-06-19T18:18:37.6339705+03:00" endTime="2026-06-19T18:18:37.9751249+03:00" testType="13cdc9d9-ddb5-4fa4-a97d-d965ccfc6d4b" outcome="Passed" testListId="8c84fa94-04c1-424b-9868-57a2d4851a1d" relativeResultsDirectory="e1ad57ef-73e8-420c-9e00-4d70157c5b27" />
    <UnitTestResult executionId="492dab52-a926-4b43-b886-3a3aae59fad2" testId="19126786-5b70-3dff-7dab-bd3411120176" testName="Zahy.PlatformIntegration.ConnectorAggregatorWebhookFlowTests.Should_Deliver_Signed_Webhook_For_Mock_Aggregator_Order_End_To_End" computerName="BOUDY" duration="00:00:13.7618578" startTime="2026-06-19T18:18:23.2491904+03:00" endTime="2026-06-19T18:18:37.0392081+03:00" testType="13cdc9d9-ddb5-4fa4-a97d-d965ccfc6d4b" outcome="Passed" testListId="8c84fa94-04c1-424b-9868-57a2d4851a1d" relativeResultsDirectory="492dab52-a926-4b43-b886-3a3aae59fad2" />
    <UnitTestResult executionId="08b48940-92e8-497d-8690-4203f80c9bce" testId="e33b2bed-906f-fb23-ab1f-44d00a1a9643" testName="Zahy.PlatformIntegration.OrderLedgerWebhookFlowTests.Duplicate_Ingest_Does_Not_Refire_Webhook" computerName="BOUDY" duration="00:00:00.3633548" startTime="2026-06-19T18:18:37.9757790+03:00" endTime="2026-06-19T18:18:38.3388846+03:00" testType="13cdc9d9-ddb5-4fa4-a97d-d965ccfc6d4b" outcome="Passed" testListId="8c84fa94-04c1-424b-9868-57a2d4851a1d" relativeResultsDirectory="08b48940-92e8-497d-8690-4203f80c9bce" />
    <UnitTestResult executionId="d400dc2f-3489-43a4-8327-44548e333a5a" testId="1d6e40be-12fa-a593-19c2-38793b4af8bc" testName="Zahy.PlatformIntegration.OrderLedgerWebhookFlowTests.Should_Deliver_Signed_Webhook_End_To_End_Via_Fake_Transport" computerName="BOUDY" duration="00:00:13.7572799" startTime="2026-06-19T18:18:23.2452429+03:00" endTime="2026-06-19T18:18:37.0294072+03:00" testType="13cdc9d9-ddb5-4fa4-a97d-d965ccfc6d4b" outcome="Passed" testListId="8c84fa94-04c1-424b-9868-57a2d4851a1d" relativeResultsDirectory="d400dc2f-3489-43a4-8327-44548e333a5a" />
    <UnitTestResult executionId="60137154-8584-42e6-89ec-61f8f717bee5" testId="84eb834c-bd5b-514a-92da-5beafa0555b1" testName="Zahy.PlatformIntegration.OrderLedgerWebhookFlowTests.Should_Enqueue_OrderStatusChanged_Once_When_New_SourceVersion_Changes_Status" computerName="BOUDY" duration="00:00:00.5970332" startTime="2026-06-19T18:18:37.1341752+03:00" endTime="2026-06-19T18:18:37.6285770+03:00" testType="13cdc9d9-ddb5-4fa4-a97d-d965ccfc6d4b" outcome="Passed" testListId="8c84fa94-04c1-424b-9868-57a2d4851a1d" relativeResultsDirectory="60137154-8584-42e6-89ec-61f8f717bee5" />
    <UnitTestResult executionId="19c7b1c0-4a56-405f-b72f-a56d287223e9" testId="17d0d1c7-1194-fe8f-b8cf-2a5cc9234350" testName="Zahy.PlatformIntegration.OrderLedgerWebhookFlowTests.Should_Deliver_Order_Webhooks_Only_To_Entitled_Partner_Subscription" computerName="BOUDY" duration="00:00:00.3548605" startTime="2026-06-19T18:18:38.3393224+03:00" endTime="2026-06-19T18:18:38.6940690+03:00" testType="13cdc9d9-ddb5-4fa4-a97d-d965ccfc6d4b" outcome="Passed" testListId="8c84fa94-04c1-424b-9868-57a2d4851a1d" relativeResultsDirectory="19c7b1c0-4a56-405f-b72f-a56d287223e9" />
  </Results>
  <TestDefinitions>
    <UnitTest name="Zahy.PlatformIntegration.OrderLedgerWebhookFlowTests.Should_Enqueue_OrderStatusChanged_Once_When_New_SourceVersion_Changes_Status" storage="c:\users\a-r7m\onedrive\سطح المكتب\partner portal-zahy\test\zahy.platformintegration.tests\bin\debug\net10.0\zahy.platformintegration.tests.dll" id="84eb834c-bd5b-514a-92da-5beafa0555b1">
      <Execution id="60137154-8584-42e6-89ec-61f8f717bee5" />
      <TestMethod codeBase="C:\Users\a-r7m\OneDrive\سطح المكتب\partner portal-zahy\test\Zahy.PlatformIntegration.Tests\bin\Debug\net10.0\Zahy.PlatformIntegration.Tests.dll" adapterTypeName="executor://xunit/VsTestRunner3/netcore/" className="Zahy.PlatformIntegration.OrderLedgerWebhookFlowTests" name="Should_Enqueue_OrderStatusChanged_Once_When_New_SourceVersion_Changes_Status" />
    </UnitTest>
    <UnitTest name="Zahy.PlatformIntegration.OrderLedgerWebhookFlowTests.Duplicate_Ingest_Does_Not_Refire_Webhook" storage="c:\users\a-r7m\onedrive\سطح المكتب\partner portal-zahy\test\zahy.platformintegration.tests\bin\debug\net10.0\zahy.platformintegration.tests.dll" id="e33b2bed-906f-fb23-ab1f-44d00a1a9643">
      <Execution id="08b48940-92e8-497d-8690-4203f80c9bce" />
      <TestMethod codeBase="C:\Users\a-r7m\OneDrive\سطح المكتب\partner portal-zahy\test\Zahy.PlatformIntegration.Tests\bin\Debug\net10.0\Zahy.PlatformIntegration.Tests.dll" adapterTypeName="executor://xunit/VsTestRunner3/netcore/" className="Zahy.PlatformIntegration.OrderLedgerWebhookFlowTests" name="Duplicate_Ingest_Does_Not_Refire_Webhook" />
    </UnitTest>
    <UnitTest name="Zahy.PlatformIntegration.OrderLedgerWebhookFlowTests.Should_Deliver_Order_Webhooks_Only_To_Entitled_Partner_Subscription" storage="c:\users\a-r7m\onedrive\سطح المكتب\partner portal-zahy\test\zahy.platformintegration.tests\bin\debug\net10.0\zahy.platformintegration.tests.dll" id="17d0d1c7-1194-fe8f-b8cf-2a5cc9234350">
      <Execution id="19c7b1c0-4a56-405f-b72f-a56d287223e9" />
      <TestMethod codeBase="C:\Users\a-r7m\OneDrive\سطح المكتب\partner portal-zahy\test\Zahy.PlatformIntegration.Tests\bin\Debug\net10.0\Zahy.PlatformIntegration.Tests.dll" adapterTypeName="executor://xunit/VsTestRunner3/netcore/" className="Zahy.PlatformIntegration.OrderLedgerWebhookFlowTests" name="Should_Deliver_Order_Webhooks_Only_To_Entitled_Partner_Subscription" />
    </UnitTest>
    <UnitTest name="Zahy.PlatformIntegration.ConnectorAggregatorWebhookFlowTests.Should_Deliver_Signed_Webhook_For_Mock_Aggregator_Order_End_To_End" storage="c:\users\a-r7m\onedrive\سطح المكتب\partner portal-zahy\test\zahy.platformintegration.tests\bin\debug\net10.0\zahy.platformintegration.tests.dll" id="19126786-5b70-3dff-7dab-bd3411120176">
      <Execution id="492dab52-a926-4b43-b886-3a3aae59fad2" />
      <TestMethod codeBase="C:\Users\a-r7m\OneDrive\سطح المكتب\partner portal-zahy\test\Zahy.PlatformIntegration.Tests\bin\Debug\net10.0\Zahy.PlatformIntegration.Tests.dll" adapterTypeName="executor://xunit/VsTestRunner3/netcore/" className="Zahy.PlatformIntegration.ConnectorAggregatorWebhookFlowTests" name="Should_Deliver_Signed_Webhook_For_Mock_Aggregator_Order_End_To_End" />
    </UnitTest>
    <UnitTest name="Zahy.PlatformIntegration.OrderLedgerWebhookFlowTests.Should_Deliver_Signed_Webhook_End_To_End_Via_Fake_Transport" storage="c:\users\a-r7m\onedrive\سطح المكتب\partner portal-zahy\test\zahy.platformintegration.tests\bin\debug\net10.0\zahy.platformintegration.tests.dll" id="1d6e40be-12fa-a593-19c2-38793b4af8bc">
      <Execution id="d400dc2f-3489-43a4-8327-44548e333a5a" />
      <TestMethod codeBase="C:\Users\a-r7m\OneDrive\سطح المكتب\partner portal-zahy\test\Zahy.PlatformIntegration.Tests\bin\Debug\net10.0\Zahy.PlatformIntegration.Tests.dll" adapterTypeName="executor://xunit/VsTestRunner3/netcore/" className="Zahy.PlatformIntegration.OrderLedgerWebhookFlowTests" name="Should_Deliver_Signed_Webhook_End_To_End_Via_Fake_Transport" />
    </UnitTest>
    <UnitTest name="Zahy.PlatformIntegration.OrderLedgerWebhookFlowTests.Should_Enqueue_Exactly_One_OrderCreated_On_New_Ingest" storage="c:\users\a-r7m\onedrive\سطح المكتب\partner portal-zahy\test\zahy.platformintegration.tests\bin\debug\net10.0\zahy.platformintegration.tests.dll" id="08fde37a-4151-5d71-d905-5517826303dc">
      <Execution id="e1ad57ef-73e8-420c-9e00-4d70157c5b27" />
      <TestMethod codeBase="C:\Users\a-r7m\OneDrive\سطح المكتب\partner portal-zahy\test\Zahy.PlatformIntegration.Tests\bin\Debug\net10.0\Zahy.PlatformIntegration.Tests.dll" adapterTypeName="executor://xunit/VsTestRunner3/netcore/" className="Zahy.PlatformIntegration.OrderLedgerWebhookFlowTests" name="Should_Enqueue_Exactly_One_OrderCreated_On_New_Ingest" />
    </UnitTest>
  </TestDefinitions>
  <TestEntries>
    <TestEntry testId="08fde37a-4151-5d71-d905-5517826303dc" executionId="e1ad57ef-73e8-420c-9e00-4d70157c5b27" testListId="8c84fa94-04c1-424b-9868-57a2d4851a1d" />
    <TestEntry testId="19126786-5b70-3dff-7dab-bd3411120176" executionId="492dab52-a926-4b43-b886-3a3aae59fad2" testListId="8c84fa94-04c1-424b-9868-57a2d4851a1d" />
    <TestEntry testId="e33b2bed-906f-fb23-ab1f-44d00a1a9643" executionId="08b48940-92e8-497d-8690-4203f80c9bce" testListId="8c84fa94-04c1-424b-9868-57a2d4851a1d" />
    <TestEntry testId="1d6e40be-12fa-a593-19c2-38793b4af8bc" executionId="d400dc2f-3489-43a4-8327-44548e333a5a" testListId="8c84fa94-04c1-424b-9868-57a2d4851a1d" />
    <TestEntry testId="84eb834c-bd5b-514a-92da-5beafa0555b1" executionId="60137154-8584-42e6-89ec-61f8f717bee5" testListId="8c84fa94-04c1-424b-9868-57a2d4851a1d" />
    <TestEntry testId="17d0d1c7-1194-fe8f-b8cf-2a5cc9234350" executionId="19c7b1c0-4a56-405f-b72f-a56d287223e9" testListId="8c84fa94-04c1-424b-9868-57a2d4851a1d" />
  </TestEntries>
  <TestLists>
    <TestList name="Results Not in a List" id="8c84fa94-04c1-424b-9868-57a2d4851a1d" />
    <TestList name="All Loaded Results" id="19431567-8539-422a-85d7-44ee4e166bda" />
  </TestLists>
  <ResultSummary outcome="Completed">
    <Counters total="6" executed="6" passed="6" failed="0" error="0" timeout="0" aborted="0" inconclusive="0" passedButRunAborted="0" notRunnable="0" notExecuted="0" disconnected="0" warning="0" completed="0" inProgress="0" pending="0" />
    <Output>
      <StdOut>[xUnit.net 00:00:00.00] xUnit.net VSTest Adapter v3.0.2+dd36e86129 (64-bit .NET 10.0.8)&#xD;
[xUnit.net 00:00:00.56]   Discovering: Zahy.PlatformIntegration.Tests&#xD;
[xUnit.net 00:00:00.67]   Discovered:  Zahy.PlatformIntegration.Tests&#xD;
[xUnit.net 00:00:00.87]   Starting:    Zahy.PlatformIntegration.Tests&#xD;
[xUnit.net 00:00:16.36]   Finished:    Zahy.PlatformIntegration.Tests&#xD;
</StdOut>
    </Output>
  </ResultSummary>
</TestRun>