<?xml version="1.0" encoding="utf-8"?>
<TestRun id="ce0153e0-ed6e-45fc-bc83-4fb855628623" name="a-r7m@BOUDY 2026-06-19 18:18:09" runUser="BOUDY\a-r7m" xmlns="http://microsoft.com/schemas/VisualStudio/TeamTest/2010">
  <Times creation="2026-06-19T18:18:09.5692028+03:00" queuing="2026-06-19T18:18:09.5692034+03:00" start="2026-06-19T18:18:07.1820995+03:00" finish="2026-06-19T18:18:33.8255055+03:00" />
  <TestSettings name="default" id="81aeb372-c100-47ae-910f-454d6ad4410b">
    <Deployment runDeploymentRoot="a-r7m_BOUDY_2026-06-19_18_18_09" />
  </TestSettings>
  <Results>
    <UnitTestResult executionId="f6978011-8853-4a22-ada6-1201bf41adf9" testId="69a9ce17-8dbe-f264-16e8-340e1fc46bf4" testName="Zahy.Identity.OpenIddictSeedTests.Seeding_Should_Be_Idempotent" computerName="BOUDY" duration="00:00:16.2520120" startTime="2026-06-19T18:18:09.2680061+03:00" endTime="2026-06-19T18:18:25.5432322+03:00" testType="13cdc9d9-ddb5-4fa4-a97d-d965ccfc6d4b" outcome="Passed" testListId="8c84fa94-04c1-424b-9868-57a2d4851a1d" relativeResultsDirectory="f6978011-8853-4a22-ada6-1201bf41adf9" />
    <UnitTestResult executionId="d837a340-9fa2-46a5-9e0a-a77d85954b29" testId="bcc3c87b-310b-748f-3bec-d90683228ad9" testName="Zahy.Identity.Roles.ZahyRoleAssignmentPolicyTests.Staff_Roles_Cannot_Assign_Anything" computerName="BOUDY" duration="00:00:00.0003882" startTime="2026-06-19T18:18:09.5106986+03:00" endTime="2026-06-19T18:18:09.5109976+03:00" testType="13cdc9d9-ddb5-4fa4-a97d-d965ccfc6d4b" outcome="Passed" testListId="8c84fa94-04c1-424b-9868-57a2d4851a1d" relativeResultsDirectory="d837a340-9fa2-46a5-9e0a-a77d85954b29" />
    <UnitTestResult executionId="ed5b4ab0-8808-420d-9619-8d94ecb10756" testId="b7df1ea2-a6b9-cb67-16f4-e39667437600" testName="Zahy.Identity.Permissions.ZahyPermissionDefinitionTests.Should_Define_The_Zahy_Group" computerName="BOUDY" duration="00:00:01.2824311" startTime="2026-06-19T18:18:26.5473693+03:00" endTime="2026-06-19T18:18:27.8260128+03:00" testType="13cdc9d9-ddb5-4fa4-a97d-d965ccfc6d4b" outcome="Passed" testListId="8c84fa94-04c1-424b-9868-57a2d4851a1d" relativeResultsDirectory="ed5b4ab0-8808-420d-9619-8d94ecb10756" />
    <UnitTestResult executionId="f5910c6d-c937-422e-801f-5ff8a87715fa" testId="a68f44e8-180e-bbb0-5819-389fe6f6952b" testName="Zahy.Identity.OpenIddictSeedTests.Should_Seed_All_Scopes_And_Web_Clients" computerName="BOUDY" duration="00:00:03.2677537" startTime="2026-06-19T18:18:29.1819069+03:00" endTime="2026-06-19T18:18:32.4498444+03:00" testType="13cdc9d9-ddb5-4fa4-a97d-d965ccfc6d4b" outcome="Passed" testListId="8c84fa94-04c1-424b-9868-57a2d4851a1d" relativeResultsDirectory="f5910c6d-c937-422e-801f-5ff8a87715fa" />
    <UnitTestResult executionId="ef647374-8e25-4da0-909e-1e977de50590" testId="d9a16597-bfef-3405-3b0e-cc66f1ea0d9e" testName="Zahy.Identity.Permissions.ZahyPermissionDefinitionTests.Should_Define_All_Zahy_Permissions(permissionName: &quot;Zahy.Webhooks.Manage&quot;)" computerName="BOUDY" duration="00:00:02.6946587" startTime="2026-06-19T18:18:23.8464537+03:00" endTime="2026-06-19T18:18:26.5470175+03:00" testType="13cdc9d9-ddb5-4fa4-a97d-d965ccfc6d4b" outcome="Passed" testListId="8c84fa94-04c1-424b-9868-57a2d4851a1d" relativeResultsDirectory="ef647374-8e25-4da0-909e-1e977de50590" />
    <UnitTestResult executionId="ed3ef9c5-4576-4744-a8f5-7e44c421ab88" testId="1c7b290a-cb06-f3ed-d44f-44eb35725570" testName="Zahy.Identity.Roles.ZahyRoleSeedTests.Host_Role_Seeding_Should_Be_Idempotent" computerName="BOUDY" duration="00:00:06.1493015" startTime="2026-06-19T18:18:23.8496737+03:00" endTime="2026-06-19T18:18:30.0002111+03:00" testType="13cdc9d9-ddb5-4fa4-a97d-d965ccfc6d4b" outcome="Passed" testListId="8c84fa94-04c1-424b-9868-57a2d4851a1d" relativeResultsDirectory="ed3ef9c5-4576-4744-a8f5-7e44c421ab88" />
    <UnitTestResult executionId="8283b94c-274a-4bb2-9235-e049b5aef3dd" testId="ea3f3ff3-d344-a485-649c-96fd8c1c7f26" testName="Zahy.Identity.Roles.ZahyRoleAssignmentPolicyTests.PartnerOps_Cannot_Assign_Platform_Roles" computerName="BOUDY" duration="00:00:00.0003218" startTime="2026-06-19T18:18:09.5029529+03:00" endTime="2026-06-19T18:18:09.5030246+03:00" testType="13cdc9d9-ddb5-4fa4-a97d-d965ccfc6d4b" outcome="Passed" testListId="8c84fa94-04c1-424b-9868-57a2d4851a1d" relativeResultsDirectory="8283b94c-274a-4bb2-9235-e049b5aef3dd" />
    <UnitTestResult executionId="0ab71c1e-5815-4722-8493-e929488a4619" testId="4a015947-56b5-f8c5-1ddf-40380562fbbf" testName="Zahy.Identity.Roles.ZahyRoleAssignmentPolicyTests.Unknown_Role_Is_Rejected" computerName="BOUDY" duration="00:00:00.0003808" startTime="2026-06-19T18:18:09.4962454+03:00" endTime="2026-06-19T18:18:09.4964653+03:00" testType="13cdc9d9-ddb5-4fa4-a97d-d965ccfc6d4b" outcome="Passed" testListId="8c84fa94-04c1-424b-9868-57a2d4851a1d" relativeResultsDirectory="0ab71c1e-5815-4722-8493-e929488a4619" />
    <UnitTestResult executionId="32bb2ed0-c8fb-4c37-b425-7da48abcf32e" testId="e0060568-4a6d-c994-bf6f-14b5c308f074" testName="Zahy.Identity.Permissions.ZahyPermissionDefinitionTests.Should_Define_All_Zahy_Permissions(permissionName: &quot;Zahy.Catalog.Write&quot;)" computerName="BOUDY" duration="00:00:01.0935471" startTime="2026-06-19T18:18:22.7534460+03:00" endTime="2026-06-19T18:18:23.8449586+03:00" testType="13cdc9d9-ddb5-4fa4-a97d-d965ccfc6d4b" outcome="Passed" testListId="8c84fa94-04c1-424b-9868-57a2d4851a1d" relativeResultsDirectory="32bb2ed0-c8fb-4c37-b425-7da48abcf32e" />
    <UnitTestResult executionId="8b5a55a9-6efd-4f6f-9b5c-64a1878ee423" testId="22b59c5c-6ae2-94b2-eb0f-2a39d53512d5" testName="Zahy.Identity.Permissions.ZahyPermissionDefinitionTests.Should_Define_All_Zahy_Permissions(permissionName: &quot;Zahy.Orders.Read&quot;)" computerName="BOUDY" duration="00:00:00.7842226" startTime="2026-06-19T18:18:20.8508678+03:00" endTime="2026-06-19T18:18:21.6368317+03:00" testType="13cdc9d9-ddb5-4fa4-a97d-d965ccfc6d4b" outcome="Passed" testListId="8c84fa94-04c1-424b-9868-57a2d4851a1d" relativeResultsDirectory="8b5a55a9-6efd-4f6f-9b5c-64a1878ee423" />
    <UnitTestResult executionId="401a8ad9-48c9-4773-bf76-221064dbe12d" testId="977d2c57-7b1d-e972-965a-8d14ae3f7a97" testName="Zahy.Identity.Roles.ZahyRoleAssignmentPolicyTests.PartnerOps_Can_Assign_Partner_Roles_Cross_Partner" computerName="BOUDY" duration="00:00:00.0623487" startTime="2026-06-19T18:18:09.2635635+03:00" endTime="2026-06-19T18:18:09.3505649+03:00" testType="13cdc9d9-ddb5-4fa4-a97d-d965ccfc6d4b" outcome="Passed" testListId="8c84fa94-04c1-424b-9868-57a2d4851a1d" relativeResultsDirectory="401a8ad9-48c9-4773-bf76-221064dbe12d" />
    <UnitTestResult executionId="5cde7f9f-ade0-43c6-8889-7d8862c3aaf8" testId="4c3be900-97ef-be13-f6ed-020c5f48a093" testName="Zahy.Identity.Permissions.ZahyPermissionDefinitionTests.Should_Define_All_Zahy_Permissions(permissionName: &quot;Zahy.Inventory.Write&quot;)" computerName="BOUDY" duration="00:00:01.1158139" startTime="2026-06-19T18:18:21.6371844+03:00" endTime="2026-06-19T18:18:22.7531347+03:00" testType="13cdc9d9-ddb5-4fa4-a97d-d965ccfc6d4b" outcome="Passed" testListId="8c84fa94-04c1-424b-9868-57a2d4851a1d" relativeResultsDirectory="5cde7f9f-ade0-43c6-8889-7d8862c3aaf8" />
    <UnitTestResult executionId="e706b3bf-189e-4b86-846d-9a082ec2a463" testId="2a009ac7-db81-beec-6bf4-bec2725f8b03" testName="Zahy.Identity.OpenIddictSeedTests.Partner_Web_Client_Should_Be_Public_With_AuthCode_And_Pkce" computerName="BOUDY" duration="00:00:03.6512132" startTime="2026-06-19T18:18:25.5436736+03:00" endTime="2026-06-19T18:18:29.1815082+03:00" testType="13cdc9d9-ddb5-4fa4-a97d-d965ccfc6d4b" outcome="Passed" testListId="8c84fa94-04c1-424b-9868-57a2d4851a1d" relativeResultsDirectory="e706b3bf-189e-4b86-846d-9a082ec2a463" />
    <UnitTestResult executionId="71cb7738-54c5-438d-aa68-6eb4c295aca1" testId="ffa12900-416d-146e-5e30-818522c60f3a" testName="Zahy.Identity.Roles.ZahyRoleAssignmentPolicyTests.SuperAdmin_Can_Assign_Any_Role_Across_Boundaries" computerName="BOUDY" duration="00:00:00.0004028" startTime="2026-06-19T18:18:09.5011159+03:00" endTime="2026-06-19T18:18:09.5011847+03:00" testType="13cdc9d9-ddb5-4fa4-a97d-d965ccfc6d4b" outcome="Passed" testListId="8c84fa94-04c1-424b-9868-57a2d4851a1d" relativeResultsDirectory="71cb7738-54c5-438d-aa68-6eb4c295aca1" />
    <UnitTestResult executionId="d63a806e-0523-49f5-968a-678cc878b280" testId="e11b1ea0-45a0-27a6-7894-c12123ad4368" testName="Zahy.Identity.OpenIddict.PartnerM2MClientProvisionerTests.Should_Return_M2M_Client_Secret_Only_Once_In_Provision_Result" computerName="BOUDY" duration="00:00:04.6670048" startTime="2026-06-19T18:18:23.8539325+03:00" endTime="2026-06-19T18:18:28.5215893+03:00" testType="13cdc9d9-ddb5-4fa4-a97d-d965ccfc6d4b" outcome="Passed" testListId="8c84fa94-04c1-424b-9868-57a2d4851a1d" relativeResultsDirectory="d63a806e-0523-49f5-968a-678cc878b280" />
    <UnitTestResult executionId="1c8c629d-d931-4a17-96ad-3ddb8968e88c" testId="265f2d45-ff4d-186b-cf61-8cc0d69994d0" testName="Zahy.Identity.Permissions.ZahyPermissionDefinitionTests.Should_Define_All_Zahy_Permissions(permissionName: &quot;Zahy.Catalog.Read&quot;)" computerName="BOUDY" duration="00:00:00.9363580" startTime="2026-06-19T18:18:18.0434877+03:00" endTime="2026-06-19T18:18:18.9837683+03:00" testType="13cdc9d9-ddb5-4fa4-a97d-d965ccfc6d4b" outcome="Passed" testListId="8c84fa94-04c1-424b-9868-57a2d4851a1d" relativeResultsDirectory="1c8c629d-d931-4a17-96ad-3ddb8968e88c" />
    <UnitTestResult executionId="cb37d95a-413c-48fa-a7dc-7649952fac85" testId="d623c2a3-2d50-6f85-f8c0-5a3405006e84" testName="Zahy.Identity.Roles.ZahyRoleAssignmentPolicyTests.PartnerOwner_Can_Assign_Within_Same_Partner" computerName="BOUDY" duration="00:00:00.0003058" startTime="2026-06-19T18:18:09.5007694+03:00" endTime="2026-06-19T18:18:09.5009001+03:00" testType="13cdc9d9-ddb5-4fa4-a97d-d965ccfc6d4b" outcome="Passed" testListId="8c84fa94-04c1-424b-9868-57a2d4851a1d" relativeResultsDirectory="cb37d95a-413c-48fa-a7dc-7649952fac85" />
    <UnitTestResult executionId="2e349182-7b4e-432e-8ab1-c56276116550" testId="173c5274-006a-1657-2664-8eddef179928" testName="Zahy.Identity.Permissions.ZahyPermissionDefinitionTests.Should_Define_All_Zahy_Permissions(permissionName: &quot;Zahy.Payouts.Read&quot;)" computerName="BOUDY" duration="00:00:07.5407025" startTime="2026-06-19T18:18:09.2680303+03:00" endTime="2026-06-19T18:18:16.8168023+03:00" testType="13cdc9d9-ddb5-4fa4-a97d-d965ccfc6d4b" outcome="Passed" testListId="8c84fa94-04c1-424b-9868-57a2d4851a1d" relativeResultsDirectory="2e349182-7b4e-432e-8ab1-c56276116550" />
    <UnitTestResult executionId="03d9b073-e73b-416b-8df0-69760e079465" testId="80b0c5b4-e7fe-8bfb-ca3a-d6c02f06025e" testName="Zahy.Identity.Roles.ZahyRoleSeedTests.Should_Seed_Merchant_Roles_Per_Tenant_And_Isolate_Grants" computerName="BOUDY" duration="00:00:14.5765684" startTime="2026-06-19T18:18:09.2679799+03:00" endTime="2026-06-19T18:18:23.8485630+03:00" testType="13cdc9d9-ddb5-4fa4-a97d-d965ccfc6d4b" outcome="Passed" testListId="8c84fa94-04c1-424b-9868-57a2d4851a1d" relativeResultsDirectory="03d9b073-e73b-416b-8df0-69760e079465" />
    <UnitTestResult executionId="fc43366a-51ec-4b02-b3bf-f7ddcaeabd99" testId="d9613e99-1eb9-d169-bcf4-41f124c4ceec" testName="Zahy.Identity.Permissions.ZahyPermissionDefinitionTests.Should_Define_All_Zahy_Permissions(permissionName: &quot;Zahy.Roles.Manage&quot;)" computerName="BOUDY" duration="00:00:00.9701951" startTime="2026-06-19T18:18:19.8810152+03:00" endTime="2026-06-19T18:18:20.8503821+03:00" testType="13cdc9d9-ddb5-4fa4-a97d-d965ccfc6d4b" outcome="Passed" testListId="8c84fa94-04c1-424b-9868-57a2d4851a1d" relativeResultsDirectory="fc43366a-51ec-4b02-b3bf-f7ddcaeabd99" />
    <UnitTestResult executionId="b1374114-f1c7-4341-964e-a35979da6cb8" testId="4fc2b522-7ed0-869c-53b2-3b920c5d3a1d" testName="Zahy.Identity.OpenIddict.PartnerM2MClientProvisionerTests.Should_Reject_Duplicate_Provision_For_Same_Partner" computerName="BOUDY" duration="00:00:14.5545962" startTime="2026-06-19T18:18:09.2679009+03:00" endTime="2026-06-19T18:18:23.8491417+03:00" testType="13cdc9d9-ddb5-4fa4-a97d-d965ccfc6d4b" outcome="Passed" testListId="8c84fa94-04c1-424b-9868-57a2d4851a1d" relativeResultsDirectory="b1374114-f1c7-4341-964e-a35979da6cb8" />
    <UnitTestResult executionId="ef65b112-cbe2-46bd-9001-57b5b7a69785" testId="5d28409a-5663-29a3-b4c4-4856d20fcdc3" testName="Zahy.Identity.Roles.ZahyRoleAssignmentPolicyTests.MerchantManager_Cannot_Assign_Owner" computerName="BOUDY" duration="00:00:00.0004316" startTime="2026-06-19T18:18:09.5090570+03:00" endTime="2026-06-19T18:18:09.5091879+03:00" testType="13cdc9d9-ddb5-4fa4-a97d-d965ccfc6d4b" outcome="Passed" testListId="8c84fa94-04c1-424b-9868-57a2d4851a1d" relativeResultsDirectory="ef65b112-cbe2-46bd-9001-57b5b7a69785" />
    <UnitTestResult executionId="5448b32f-f6e2-41ef-a872-03507609e6e1" testId="503f522d-6671-6ef9-3128-bae26381a558" testName="Zahy.Identity.OpenIddict.PartnerM2MClientProvisionerTests.Should_Provision_Confidential_M2M_Client_With_Type_Scopes" computerName="BOUDY" duration="00:00:02.0631291" startTime="2026-06-19T18:18:28.5244594+03:00" endTime="2026-06-19T18:18:30.5853193+03:00" testType="13cdc9d9-ddb5-4fa4-a97d-d965ccfc6d4b" outcome="Passed" testListId="8c84fa94-04c1-424b-9868-57a2d4851a1d" relativeResultsDirectory="5448b32f-f6e2-41ef-a872-03507609e6e1" />
    <UnitTestResult executionId="f1330ccb-1058-4a25-b1a6-7604c6a7a70a" testId="cf9330ac-c509-f6dc-8508-e5f19bbf46d4" testName="Zahy.Identity.Roles.ZahyRoleAssignmentPolicyTests.MerchantOwner_Can_Assign_Lower_Roles_In_Same_Tenant" computerName="BOUDY" duration="00:00:00.0003193" startTime="2026-06-19T18:18:09.5114344+03:00" endTime="2026-06-19T18:18:09.5115914+03:00" testType="13cdc9d9-ddb5-4fa4-a97d-d965ccfc6d4b" outcome="Passed" testListId="8c84fa94-04c1-424b-9868-57a2d4851a1d" relativeResultsDirectory="f1330ccb-1058-4a25-b1a6-7604c6a7a70a" />
    <UnitTestResult executionId="81e77597-5127-4a55-9e3b-71fa10522b6a" testId="fdc284c3-d43b-2425-a985-8b179d1f5daf" testName="Zahy.Identity.Mfa.MfaStepUpPolicyTests.StepUp_Should_Be_Disabled_By_Default" computerName="BOUDY" duration="00:00:06.8942688" startTime="2026-06-19T18:18:09.2679170+03:00" endTime="2026-06-19T18:18:16.1719695+03:00" testType="13cdc9d9-ddb5-4fa4-a97d-d965ccfc6d4b" outcome="Passed" testListId="8c84fa94-04c1-424b-9868-57a2d4851a1d" relativeResultsDirectory="81e77597-5127-4a55-9e3b-71fa10522b6a" />
    <UnitTestResult executionId="c2e32cd2-38f0-456c-8d50-fe8fb1bea8ec" testId="29b06de1-a31f-98a8-3ecf-6e7050e1a439" testName="Zahy.Identity.Roles.ZahyRoleAssignmentPolicyTests.PartnerOwner_Cannot_Cross_Partner" computerName="BOUDY" duration="00:00:00.0003869" startTime="2026-06-19T18:18:09.5018596+03:00" endTime="2026-06-19T18:18:09.5019247+03:00" testType="13cdc9d9-ddb5-4fa4-a97d-d965ccfc6d4b" outcome="Passed" testListId="8c84fa94-04c1-424b-9868-57a2d4851a1d" relativeResultsDirectory="c2e32cd2-38f0-456c-8d50-fe8fb1bea8ec" />
    <UnitTestResult executionId="99cf0ea7-fb60-41eb-b359-39831b765a36" testId="c5b5bc41-6f28-2b3f-ec52-bb6283d8471f" testName="Zahy.Identity.Roles.ZahyRoleSeedTests.Should_Seed_Host_Roles_With_LeastPrivilege" computerName="BOUDY" duration="00:00:03.5366199" startTime="2026-06-19T18:18:30.0005175+03:00" endTime="2026-06-19T18:18:33.5378926+03:00" testType="13cdc9d9-ddb5-4fa4-a97d-d965ccfc6d4b" outcome="Passed" testListId="8c84fa94-04c1-424b-9868-57a2d4851a1d" relativeResultsDirectory="99cf0ea7-fb60-41eb-b359-39831b765a36" />
    <UnitTestResult executionId="55e873ed-9ecb-4c9e-be9d-6203a538f6b1" testId="85e1d581-3718-79b2-60ca-57f3c8172a28" testName="Zahy.Identity.Permissions.ZahyPermissionDefinitionTests.Should_Define_All_Zahy_Permissions(permissionName: &quot;Zahy.Partners.Manage&quot;)" computerName="BOUDY" duration="00:00:01.2260140" startTime="2026-06-19T18:18:16.8182195+03:00" endTime="2026-06-19T18:18:18.0427856+03:00" testType="13cdc9d9-ddb5-4fa4-a97d-d965ccfc6d4b" outcome="Passed" testListId="8c84fa94-04c1-424b-9868-57a2d4851a1d" relativeResultsDirectory="55e873ed-9ecb-4c9e-be9d-6203a538f6b1" />
    <UnitTestResult executionId="0b7a42ce-b247-41aa-88d5-d0e130652678" testId="9d9f0c45-3eda-69f8-1e19-3c2ef014377d" testName="Zahy.Identity.Permissions.ZahyPermissionDefinitionTests.Should_Define_All_Zahy_Permissions(permissionName: &quot;Zahy.Admin&quot;)" computerName="BOUDY" duration="00:00:00.8961578" startTime="2026-06-19T18:18:18.9840900+03:00" endTime="2026-06-19T18:18:19.8806950+03:00" testType="13cdc9d9-ddb5-4fa4-a97d-d965ccfc6d4b" outcome="Passed" testListId="8c84fa94-04c1-424b-9868-57a2d4851a1d" relativeResultsDirectory="0b7a42ce-b247-41aa-88d5-d0e130652678" />
    <UnitTestResult executionId="5cddf450-720f-4618-bb51-9b8ccf99c441" testId="23b2ad75-3742-517e-be7c-47a29020ce32" testName="Zahy.Identity.Roles.ZahyRoleAssignmentPolicyTests.MerchantOwner_Cannot_Cross_Tenant" computerName="BOUDY" duration="00:00:00.0003162" startTime="2026-06-19T18:18:09.5015544+03:00" endTime="2026-06-19T18:18:09.5016407+03:00" testType="13cdc9d9-ddb5-4fa4-a97d-d965ccfc6d4b" outcome="Passed" testListId="8c84fa94-04c1-424b-9868-57a2d4851a1d" relativeResultsDirectory="5cddf450-720f-4618-bb51-9b8ccf99c441" />
    <UnitTestResult executionId="ee68c3ba-c9ca-4ce2-92d7-63d136f2c1ae" testId="9cccf95f-5d40-0720-94c5-5febfb77f727" testName="Zahy.Identity.Auditing.AdminAuditLoggerTests.Should_Record_A_Consequential_Action" computerName="BOUDY" duration="00:00:10.0400707" startTime="2026-06-19T18:18:09.2677780+03:00" endTime="2026-06-19T18:18:19.3191386+03:00" testType="13cdc9d9-ddb5-4fa4-a97d-d965ccfc6d4b" outcome="Passed" testListId="8c84fa94-04c1-424b-9868-57a2d4851a1d" relativeResultsDirectory="ee68c3ba-c9ca-4ce2-92d7-63d136f2c1ae" />
    <UnitTestResult executionId="9062bd8c-e90a-4989-9a10-ba36f3a8ae01" testId="212665e5-4093-aa2f-ca4e-80d3d793ea1d" testName="Zahy.Identity.OpenIddict.PartnerM2MClientRotateTests.Should_Reject_Rotate_For_Unknown_Client" computerName="BOUDY" duration="00:00:14.5553973" startTime="2026-06-19T18:18:09.2679546+03:00" endTime="2026-06-19T18:18:23.8490033+03:00" testType="13cdc9d9-ddb5-4fa4-a97d-d965ccfc6d4b" outcome="Passed" testListId="8c84fa94-04c1-424b-9868-57a2d4851a1d" relativeResultsDirectory="9062bd8c-e90a-4989-9a10-ba36f3a8ae01" />
    <UnitTestResult executionId="cd75e001-7193-40e6-a787-a4edfb1ed495" testId="bbcbb5e5-aed9-53c8-7d57-b32c3854e896" testName="Zahy.Identity.OpenIddict.PartnerM2MClientRotateTests.Should_Rotate_M2M_Client_Secret" computerName="BOUDY" duration="00:00:04.6125698" startTime="2026-06-19T18:18:23.8539737+03:00" endTime="2026-06-19T18:18:28.4671338+03:00" testType="13cdc9d9-ddb5-4fa4-a97d-d965ccfc6d4b" outcome="Passed" testListId="8c84fa94-04c1-424b-9868-57a2d4851a1d" relativeResultsDirectory="cd75e001-7193-40e6-a787-a4edfb1ed495" />
    <UnitTestResult executionId="68cca0e4-7a25-49bb-b716-ee9b2d51d83f" testId="b031c62d-76c2-b5b1-150d-a13039e3e93b" testName="Zahy.Identity.AccountAppServiceTests.Should_Login_Seeded_Admin_And_Record_Success_Audit" computerName="BOUDY" duration="00:00:17.4144724" startTime="2026-06-19T18:18:09.2678748+03:00" endTime="2026-06-19T18:18:26.6932421+03:00" testType="13cdc9d9-ddb5-4fa4-a97d-d965ccfc6d4b" outcome="Passed" testListId="8c84fa94-04c1-424b-9868-57a2d4851a1d" relativeResultsDirectory="68cca0e4-7a25-49bb-b716-ee9b2d51d83f" />
    <UnitTestResult executionId="639c1ac6-ca9e-4833-a67b-ce7f33c157ee" testId="d8e8b03d-192c-aef2-2a9c-f40139e0204d" testName="Zahy.Identity.Auditing.AdminAuditLoggerTests.Should_Capture_The_Acting_Admin" computerName="BOUDY" duration="00:00:01.0497289" startTime="2026-06-19T18:18:19.3195958+03:00" endTime="2026-06-19T18:18:20.3673359+03:00" testType="13cdc9d9-ddb5-4fa4-a97d-d965ccfc6d4b" outcome="Passed" testListId="8c84fa94-04c1-424b-9868-57a2d4851a1d" relativeResultsDirectory="639c1ac6-ca9e-4833-a67b-ce7f33c157ee" />
  </Results>
  <TestDefinitions>
    <UnitTest name="Zahy.Identity.Permissions.ZahyPermissionDefinitionTests.Should_Define_The_Zahy_Group" storage="c:\users\a-r7m\onedrive\سطح المكتب\partner portal-zahy\test\zahy.identity.tests\bin\debug\net10.0\zahy.identity.tests.dll" id="b7df1ea2-a6b9-cb67-16f4-e39667437600">
      <Execution id="ed5b4ab0-8808-420d-9619-8d94ecb10756" />
      <TestMethod codeBase="C:\Users\a-r7m\OneDrive\سطح المكتب\partner portal-zahy\test\Zahy.Identity.Tests\bin\Debug\net10.0\Zahy.Identity.Tests.dll" adapterTypeName="executor://xunit/VsTestRunner3/netcore/" className="Zahy.Identity.Permissions.ZahyPermissionDefinitionTests" name="Should_Define_The_Zahy_Group" />
    </UnitTest>
    <UnitTest name="Zahy.Identity.Permissions.ZahyPermissionDefinitionTests.Should_Define_All_Zahy_Permissions(permissionName: &quot;Zahy.Partners.Manage&quot;)" storage="c:\users\a-r7m\onedrive\سطح المكتب\partner portal-zahy\test\zahy.identity.tests\bin\debug\net10.0\zahy.identity.tests.dll" id="85e1d581-3718-79b2-60ca-57f3c8172a28">
      <Execution id="55e873ed-9ecb-4c9e-be9d-6203a538f6b1" />
      <TestMethod codeBase="C:\Users\a-r7m\OneDrive\سطح المكتب\partner portal-zahy\test\Zahy.Identity.Tests\bin\Debug\net10.0\Zahy.Identity.Tests.dll" adapterTypeName="executor://xunit/VsTestRunner3/netcore/" className="Zahy.Identity.Permissions.ZahyPermissionDefinitionTests" name="Should_Define_All_Zahy_Permissions" />
    </UnitTest>
    <UnitTest name="Zahy.Identity.Roles.ZahyRoleAssignmentPolicyTests.MerchantOwner_Can_Assign_Lower_Roles_In_Same_Tenant" storage="c:\users\a-r7m\onedrive\سطح المكتب\partner portal-zahy\test\zahy.identity.tests\bin\debug\net10.0\zahy.identity.tests.dll" id="cf9330ac-c509-f6dc-8508-e5f19bbf46d4">
      <Execution id="f1330ccb-1058-4a25-b1a6-7604c6a7a70a" />
      <TestMethod codeBase="C:\Users\a-r7m\OneDrive\سطح المكتب\partner portal-zahy\test\Zahy.Identity.Tests\bin\Debug\net10.0\Zahy.Identity.Tests.dll" adapterTypeName="executor://xunit/VsTestRunner3/netcore/" className="Zahy.Identity.Roles.ZahyRoleAssignmentPolicyTests" name="MerchantOwner_Can_Assign_Lower_Roles_In_Same_Tenant" />
    </UnitTest>
    <UnitTest name="Zahy.Identity.Roles.ZahyRoleSeedTests.Should_Seed_Host_Roles_With_LeastPrivilege" storage="c:\users\a-r7m\onedrive\سطح المكتب\partner portal-zahy\test\zahy.identity.tests\bin\debug\net10.0\zahy.identity.tests.dll" id="c5b5bc41-6f28-2b3f-ec52-bb6283d8471f">
      <Execution id="99cf0ea7-fb60-41eb-b359-39831b765a36" />
      <TestMethod codeBase="C:\Users\a-r7m\OneDrive\سطح المكتب\partner portal-zahy\test\Zahy.Identity.Tests\bin\Debug\net10.0\Zahy.Identity.Tests.dll" adapterTypeName="executor://xunit/VsTestRunner3/netcore/" className="Zahy.Identity.Roles.ZahyRoleSeedTests" name="Should_Seed_Host_Roles_With_LeastPrivilege" />
    </UnitTest>
    <UnitTest name="Zahy.Identity.AccountAppServiceTests.Should_Login_Seeded_Admin_And_Record_Success_Audit" storage="c:\users\a-r7m\onedrive\سطح المكتب\partner portal-zahy\test\zahy.identity.tests\bin\debug\net10.0\zahy.identity.tests.dll" id="b031c62d-76c2-b5b1-150d-a13039e3e93b">
      <Execution id="68cca0e4-7a25-49bb-b716-ee9b2d51d83f" />
      <TestMethod codeBase="C:\Users\a-r7m\OneDrive\سطح المكتب\partner portal-zahy\test\Zahy.Identity.Tests\bin\Debug\net10.0\Zahy.Identity.Tests.dll" adapterTypeName="executor://xunit/VsTestRunner3/netcore/" className="Zahy.Identity.AccountAppServiceTests" name="Should_Login_Seeded_Admin_And_Record_Success_Audit" />
    </UnitTest>
    <UnitTest name="Zahy.Identity.Roles.ZahyRoleSeedTests.Should_Seed_Merchant_Roles_Per_Tenant_And_Isolate_Grants" storage="c:\users\a-r7m\onedrive\سطح المكتب\partner portal-zahy\test\zahy.identity.tests\bin\debug\net10.0\zahy.identity.tests.dll" id="80b0c5b4-e7fe-8bfb-ca3a-d6c02f06025e">
      <Execution id="03d9b073-e73b-416b-8df0-69760e079465" />
      <TestMethod codeBase="C:\Users\a-r7m\OneDrive\سطح المكتب\partner portal-zahy\test\Zahy.Identity.Tests\bin\Debug\net10.0\Zahy.Identity.Tests.dll" adapterTypeName="executor://xunit/VsTestRunner3/netcore/" className="Zahy.Identity.Roles.ZahyRoleSeedTests" name="Should_Seed_Merchant_Roles_Per_Tenant_And_Isolate_Grants" />
    </UnitTest>
    <UnitTest name="Zahy.Identity.Permissions.ZahyPermissionDefinitionTests.Should_Define_All_Zahy_Permissions(permissionName: &quot;Zahy.Inventory.Write&quot;)" storage="c:\users\a-r7m\onedrive\سطح المكتب\partner portal-zahy\test\zahy.identity.tests\bin\debug\net10.0\zahy.identity.tests.dll" id="4c3be900-97ef-be13-f6ed-020c5f48a093">
      <Execution id="5cde7f9f-ade0-43c6-8889-7d8862c3aaf8" />
      <TestMethod codeBase="C:\Users\a-r7m\OneDrive\سطح المكتب\partner portal-zahy\test\Zahy.Identity.Tests\bin\Debug\net10.0\Zahy.Identity.Tests.dll" adapterTypeName="executor://xunit/VsTestRunner3/netcore/" className="Zahy.Identity.Permissions.ZahyPermissionDefinitionTests" name="Should_Define_All_Zahy_Permissions" />
    </UnitTest>
    <UnitTest name="Zahy.Identity.OpenIddict.PartnerM2MClientRotateTests.Should_Reject_Rotate_For_Unknown_Client" storage="c:\users\a-r7m\onedrive\سطح المكتب\partner portal-zahy\test\zahy.identity.tests\bin\debug\net10.0\zahy.identity.tests.dll" id="212665e5-4093-aa2f-ca4e-80d3d793ea1d">
      <Execution id="9062bd8c-e90a-4989-9a10-ba36f3a8ae01" />
      <TestMethod codeBase="C:\Users\a-r7m\OneDrive\سطح المكتب\partner portal-zahy\test\Zahy.Identity.Tests\bin\Debug\net10.0\Zahy.Identity.Tests.dll" adapterTypeName="executor://xunit/VsTestRunner3/netcore/" className="Zahy.Identity.OpenIddict.PartnerM2MClientRotateTests" name="Should_Reject_Rotate_For_Unknown_Client" />
    </UnitTest>
    <UnitTest name="Zahy.Identity.Roles.ZahyRoleAssignmentPolicyTests.PartnerOwner_Can_Assign_Within_Same_Partner" storage="c:\users\a-r7m\onedrive\سطح المكتب\partner portal-zahy\test\zahy.identity.tests\bin\debug\net10.0\zahy.identity.tests.dll" id="d623c2a3-2d50-6f85-f8c0-5a3405006e84">
      <Execution id="cb37d95a-413c-48fa-a7dc-7649952fac85" />
      <TestMethod codeBase="C:\Users\a-r7m\OneDrive\سطح المكتب\partner portal-zahy\test\Zahy.Identity.Tests\bin\Debug\net10.0\Zahy.Identity.Tests.dll" adapterTypeName="executor://xunit/VsTestRunner3/netcore/" className="Zahy.Identity.Roles.ZahyRoleAssignmentPolicyTests" name="PartnerOwner_Can_Assign_Within_Same_Partner" />
    </UnitTest>
    <UnitTest name="Zahy.Identity.Roles.ZahyRoleAssignmentPolicyTests.PartnerOps_Cannot_Assign_Platform_Roles" storage="c:\users\a-r7m\onedrive\سطح المكتب\partner portal-zahy\test\zahy.identity.tests\bin\debug\net10.0\zahy.identity.tests.dll" id="ea3f3ff3-d344-a485-649c-96fd8c1c7f26">
      <Execution id="8283b94c-274a-4bb2-9235-e049b5aef3dd" />
      <TestMethod codeBase="C:\Users\a-r7m\OneDrive\سطح المكتب\partner portal-zahy\test\Zahy.Identity.Tests\bin\Debug\net10.0\Zahy.Identity.Tests.dll" adapterTypeName="executor://xunit/VsTestRunner3/netcore/" className="Zahy.Identity.Roles.ZahyRoleAssignmentPolicyTests" name="PartnerOps_Cannot_Assign_Platform_Roles" />
    </UnitTest>
    <UnitTest name="Zahy.Identity.Permissions.ZahyPermissionDefinitionTests.Should_Define_All_Zahy_Permissions(permissionName: &quot;Zahy.Catalog.Write&quot;)" storage="c:\users\a-r7m\onedrive\سطح المكتب\partner portal-zahy\test\zahy.identity.tests\bin\debug\net10.0\zahy.identity.tests.dll" id="e0060568-4a6d-c994-bf6f-14b5c308f074">
      <Execution id="32bb2ed0-c8fb-4c37-b425-7da48abcf32e" />
      <TestMethod codeBase="C:\Users\a-r7m\OneDrive\سطح المكتب\partner portal-zahy\test\Zahy.Identity.Tests\bin\Debug\net10.0\Zahy.Identity.Tests.dll" adapterTypeName="executor://xunit/VsTestRunner3/netcore/" className="Zahy.Identity.Permissions.ZahyPermissionDefinitionTests" name="Should_Define_All_Zahy_Permissions" />
    </UnitTest>
    <UnitTest name="Zahy.Identity.Mfa.MfaStepUpPolicyTests.StepUp_Should_Be_Disabled_By_Default" storage="c:\users\a-r7m\onedrive\سطح المكتب\partner portal-zahy\test\zahy.identity.tests\bin\debug\net10.0\zahy.identity.tests.dll" id="fdc284c3-d43b-2425-a985-8b179d1f5daf">
      <Execution id="81e77597-5127-4a55-9e3b-71fa10522b6a" />
      <TestMethod codeBase="C:\Users\a-r7m\OneDrive\سطح المكتب\partner portal-zahy\test\Zahy.Identity.Tests\bin\Debug\net10.0\Zahy.Identity.Tests.dll" adapterTypeName="executor://xunit/VsTestRunner3/netcore/" className="Zahy.Identity.Mfa.MfaStepUpPolicyTests" name="StepUp_Should_Be_Disabled_By_Default" />
    </UnitTest>
    <UnitTest name="Zahy.Identity.Auditing.AdminAuditLoggerTests.Should_Capture_The_Acting_Admin" storage="c:\users\a-r7m\onedrive\سطح المكتب\partner portal-zahy\test\zahy.identity.tests\bin\debug\net10.0\zahy.identity.tests.dll" id="d8e8b03d-192c-aef2-2a9c-f40139e0204d">
      <Execution id="639c1ac6-ca9e-4833-a67b-ce7f33c157ee" />
      <TestMethod codeBase="C:\Users\a-r7m\OneDrive\سطح المكتب\partner portal-zahy\test\Zahy.Identity.Tests\bin\Debug\net10.0\Zahy.Identity.Tests.dll" adapterTypeName="executor://xunit/VsTestRunner3/netcore/" className="Zahy.Identity.Auditing.AdminAuditLoggerTests" name="Should_Capture_The_Acting_Admin" />
    </UnitTest>
    <UnitTest name="Zahy.Identity.Permissions.ZahyPermissionDefinitionTests.Should_Define_All_Zahy_Permissions(permissionName: &quot;Zahy.Roles.Manage&quot;)" storage="c:\users\a-r7m\onedrive\سطح المكتب\partner portal-zahy\test\zahy.identity.tests\bin\debug\net10.0\zahy.identity.tests.dll" id="d9613e99-1eb9-d169-bcf4-41f124c4ceec">
      <Execution id="fc43366a-51ec-4b02-b3bf-f7ddcaeabd99" />
      <TestMethod codeBase="C:\Users\a-r7m\OneDrive\سطح المكتب\partner portal-zahy\test\Zahy.Identity.Tests\bin\Debug\net10.0\Zahy.Identity.Tests.dll" adapterTypeName="executor://xunit/VsTestRunner3/netcore/" className="Zahy.Identity.Permissions.ZahyPermissionDefinitionTests" name="Should_Define_All_Zahy_Permissions" />
    </UnitTest>
    <UnitTest name="Zahy.Identity.Roles.ZahyRoleAssignmentPolicyTests.PartnerOwner_Cannot_Cross_Partner" storage="c:\users\a-r7m\onedrive\سطح المكتب\partner portal-zahy\test\zahy.identity.tests\bin\debug\net10.0\zahy.identity.tests.dll" id="29b06de1-a31f-98a8-3ecf-6e7050e1a439">
      <Execution id="c2e32cd2-38f0-456c-8d50-fe8fb1bea8ec" />
      <TestMethod codeBase="C:\Users\a-r7m\OneDrive\سطح المكتب\partner portal-zahy\test\Zahy.Identity.Tests\bin\Debug\net10.0\Zahy.Identity.Tests.dll" adapterTypeName="executor://xunit/VsTestRunner3/netcore/" className="Zahy.Identity.Roles.ZahyRoleAssignmentPolicyTests" name="PartnerOwner_Cannot_Cross_Partner" />
    </UnitTest>
    <UnitTest name="Zahy.Identity.Permissions.ZahyPermissionDefinitionTests.Should_Define_All_Zahy_Permissions(permissionName: &quot;Zahy.Webhooks.Manage&quot;)" storage="c:\users\a-r7m\onedrive\سطح المكتب\partner portal-zahy\test\zahy.identity.tests\bin\debug\net10.0\zahy.identity.tests.dll" id="d9a16597-bfef-3405-3b0e-cc66f1ea0d9e">
      <Execution id="ef647374-8e25-4da0-909e-1e977de50590" />
      <TestMethod codeBase="C:\Users\a-r7m\OneDrive\سطح المكتب\partner portal-zahy\test\Zahy.Identity.Tests\bin\Debug\net10.0\Zahy.Identity.Tests.dll" adapterTypeName="executor://xunit/VsTestRunner3/netcore/" className="Zahy.Identity.Permissions.ZahyPermissionDefinitionTests" name="Should_Define_All_Zahy_Permissions" />
    </UnitTest>
    <UnitTest name="Zahy.Identity.Roles.ZahyRoleAssignmentPolicyTests.MerchantManager_Cannot_Assign_Owner" storage="c:\users\a-r7m\onedrive\سطح المكتب\partner portal-zahy\test\zahy.identity.tests\bin\debug\net10.0\zahy.identity.tests.dll" id="5d28409a-5663-29a3-b4c4-4856d20fcdc3">
      <Execution id="ef65b112-cbe2-46bd-9001-57b5b7a69785" />
      <TestMethod codeBase="C:\Users\a-r7m\OneDrive\سطح المكتب\partner portal-zahy\test\Zahy.Identity.Tests\bin\Debug\net10.0\Zahy.Identity.Tests.dll" adapterTypeName="executor://xunit/VsTestRunner3/netcore/" className="Zahy.Identity.Roles.ZahyRoleAssignmentPolicyTests" name="MerchantManager_Cannot_Assign_Owner" />
    </UnitTest>
    <UnitTest name="Zahy.Identity.Roles.ZahyRoleAssignmentPolicyTests.Staff_Roles_Cannot_Assign_Anything" storage="c:\users\a-r7m\onedrive\سطح المكتب\partner portal-zahy\test\zahy.identity.tests\bin\debug\net10.0\zahy.identity.tests.dll" id="bcc3c87b-310b-748f-3bec-d90683228ad9">
      <Execution id="d837a340-9fa2-46a5-9e0a-a77d85954b29" />
      <TestMethod codeBase="C:\Users\a-r7m\OneDrive\سطح المكتب\partner portal-zahy\test\Zahy.Identity.Tests\bin\Debug\net10.0\Zahy.Identity.Tests.dll" adapterTypeName="executor://xunit/VsTestRunner3/netcore/" className="Zahy.Identity.Roles.ZahyRoleAssignmentPolicyTests" name="Staff_Roles_Cannot_Assign_Anything" />
    </UnitTest>
    <UnitTest name="Zahy.Identity.Roles.ZahyRoleAssignmentPolicyTests.PartnerOps_Can_Assign_Partner_Roles_Cross_Partner" storage="c:\users\a-r7m\onedrive\سطح المكتب\partner portal-zahy\test\zahy.identity.tests\bin\debug\net10.0\zahy.identity.tests.dll" id="977d2c57-7b1d-e972-965a-8d14ae3f7a97">
      <Execution id="401a8ad9-48c9-4773-bf76-221064dbe12d" />
      <TestMethod codeBase="C:\Users\a-r7m\OneDrive\سطح المكتب\partner portal-zahy\test\Zahy.Identity.Tests\bin\Debug\net10.0\Zahy.Identity.Tests.dll" adapterTypeName="executor://xunit/VsTestRunner3/netcore/" className="Zahy.Identity.Roles.ZahyRoleAssignmentPolicyTests" name="PartnerOps_Can_Assign_Partner_Roles_Cross_Partner" />
    </UnitTest>
    <UnitTest name="Zahy.Identity.Roles.ZahyRoleAssignmentPolicyTests.Unknown_Role_Is_Rejected" storage="c:\users\a-r7m\onedrive\سطح المكتب\partner portal-zahy\test\zahy.identity.tests\bin\debug\net10.0\zahy.identity.tests.dll" id="4a015947-56b5-f8c5-1ddf-40380562fbbf">
      <Execution id="0ab71c1e-5815-4722-8493-e929488a4619" />
      <TestMethod codeBase="C:\Users\a-r7m\OneDrive\سطح المكتب\partner portal-zahy\test\Zahy.Identity.Tests\bin\Debug\net10.0\Zahy.Identity.Tests.dll" adapterTypeName="executor://xunit/VsTestRunner3/netcore/" className="Zahy.Identity.Roles.ZahyRoleAssignmentPolicyTests" name="Unknown_Role_Is_Rejected" />
    </UnitTest>
    <UnitTest name="Zahy.Identity.OpenIddict.PartnerM2MClientProvisionerTests.Should_Provision_Confidential_M2M_Client_With_Type_Scopes" storage="c:\users\a-r7m\onedrive\سطح المكتب\partner portal-zahy\test\zahy.identity.tests\bin\debug\net10.0\zahy.identity.tests.dll" id="503f522d-6671-6ef9-3128-bae26381a558">
      <Execution id="5448b32f-f6e2-41ef-a872-03507609e6e1" />
      <TestMethod codeBase="C:\Users\a-r7m\OneDrive\سطح المكتب\partner portal-zahy\test\Zahy.Identity.Tests\bin\Debug\net10.0\Zahy.Identity.Tests.dll" adapterTypeName="executor://xunit/VsTestRunner3/netcore/" className="Zahy.Identity.OpenIddict.PartnerM2MClientProvisionerTests" name="Should_Provision_Confidential_M2M_Client_With_Type_Scopes" />
    </UnitTest>
    <UnitTest name="Zahy.Identity.OpenIddict.PartnerM2MClientRotateTests.Should_Rotate_M2M_Client_Secret" storage="c:\users\a-r7m\onedrive\سطح المكتب\partner portal-zahy\test\zahy.identity.tests\bin\debug\net10.0\zahy.identity.tests.dll" id="bbcbb5e5-aed9-53c8-7d57-b32c3854e896">
      <Execution id="cd75e001-7193-40e6-a787-a4edfb1ed495" />
      <TestMethod codeBase="C:\Users\a-r7m\OneDrive\سطح المكتب\partner portal-zahy\test\Zahy.Identity.Tests\bin\Debug\net10.0\Zahy.Identity.Tests.dll" adapterTypeName="executor://xunit/VsTestRunner3/netcore/" className="Zahy.Identity.OpenIddict.PartnerM2MClientRotateTests" name="Should_Rotate_M2M_Client_Secret" />
    </UnitTest>
    <UnitTest name="Zahy.Identity.Roles.ZahyRoleAssignmentPolicyTests.MerchantOwner_Cannot_Cross_Tenant" storage="c:\users\a-r7m\onedrive\سطح المكتب\partner portal-zahy\test\zahy.identity.tests\bin\debug\net10.0\zahy.identity.tests.dll" id="23b2ad75-3742-517e-be7c-47a29020ce32">
      <Execution id="5cddf450-720f-4618-bb51-9b8ccf99c441" />
      <TestMethod codeBase="C:\Users\a-r7m\OneDrive\سطح المكتب\partner portal-zahy\test\Zahy.Identity.Tests\bin\Debug\net10.0\Zahy.Identity.Tests.dll" adapterTypeName="executor://xunit/VsTestRunner3/netcore/" className="Zahy.Identity.Roles.ZahyRoleAssignmentPolicyTests" name="MerchantOwner_Cannot_Cross_Tenant" />
    </UnitTest>
    <UnitTest name="Zahy.Identity.OpenIddict.PartnerM2MClientProvisionerTests.Should_Reject_Duplicate_Provision_For_Same_Partner" storage="c:\users\a-r7m\onedrive\سطح المكتب\partner portal-zahy\test\zahy.identity.tests\bin\debug\net10.0\zahy.identity.tests.dll" id="4fc2b522-7ed0-869c-53b2-3b920c5d3a1d">
      <Execution id="b1374114-f1c7-4341-964e-a35979da6cb8" />
      <TestMethod codeBase="C:\Users\a-r7m\OneDrive\سطح المكتب\partner portal-zahy\test\Zahy.Identity.Tests\bin\Debug\net10.0\Zahy.Identity.Tests.dll" adapterTypeName="executor://xunit/VsTestRunner3/netcore/" className="Zahy.Identity.OpenIddict.PartnerM2MClientProvisionerTests" name="Should_Reject_Duplicate_Provision_For_Same_Partner" />
    </UnitTest>
    <UnitTest name="Zahy.Identity.Roles.ZahyRoleAssignmentPolicyTests.SuperAdmin_Can_Assign_Any_Role_Across_Boundaries" storage="c:\users\a-r7m\onedrive\سطح المكتب\partner portal-zahy\test\zahy.identity.tests\bin\debug\net10.0\zahy.identity.tests.dll" id="ffa12900-416d-146e-5e30-818522c60f3a">
      <Execution id="71cb7738-54c5-438d-aa68-6eb4c295aca1" />
      <TestMethod codeBase="C:\Users\a-r7m\OneDrive\سطح المكتب\partner portal-zahy\test\Zahy.Identity.Tests\bin\Debug\net10.0\Zahy.Identity.Tests.dll" adapterTypeName="executor://xunit/VsTestRunner3/netcore/" className="Zahy.Identity.Roles.ZahyRoleAssignmentPolicyTests" name="SuperAdmin_Can_Assign_Any_Role_Across_Boundaries" />
    </UnitTest>
    <UnitTest name="Zahy.Identity.Permissions.ZahyPermissionDefinitionTests.Should_Define_All_Zahy_Permissions(permissionName: &quot;Zahy.Admin&quot;)" storage="c:\users\a-r7m\onedrive\سطح المكتب\partner portal-zahy\test\zahy.identity.tests\bin\debug\net10.0\zahy.identity.tests.dll" id="9d9f0c45-3eda-69f8-1e19-3c2ef014377d">
      <Execution id="0b7a42ce-b247-41aa-88d5-d0e130652678" />
      <TestMethod codeBase="C:\Users\a-r7m\OneDrive\سطح المكتب\partner portal-zahy\test\Zahy.Identity.Tests\bin\Debug\net10.0\Zahy.Identity.Tests.dll" adapterTypeName="executor://xunit/VsTestRunner3/netcore/" className="Zahy.Identity.Permissions.ZahyPermissionDefinitionTests" name="Should_Define_All_Zahy_Permissions" />
    </UnitTest>
    <UnitTest name="Zahy.Identity.Roles.ZahyRoleSeedTests.Host_Role_Seeding_Should_Be_Idempotent" storage="c:\users\a-r7m\onedrive\سطح المكتب\partner portal-zahy\test\zahy.identity.tests\bin\debug\net10.0\zahy.identity.tests.dll" id="1c7b290a-cb06-f3ed-d44f-44eb35725570">
      <Execution id="ed3ef9c5-4576-4744-a8f5-7e44c421ab88" />
      <TestMethod codeBase="C:\Users\a-r7m\OneDrive\سطح المكتب\partner portal-zahy\test\Zahy.Identity.Tests\bin\Debug\net10.0\Zahy.Identity.Tests.dll" adapterTypeName="executor://xunit/VsTestRunner3/netcore/" className="Zahy.Identity.Roles.ZahyRoleSeedTests" name="Host_Role_Seeding_Should_Be_Idempotent" />
    </UnitTest>
    <UnitTest name="Zahy.Identity.Permissions.ZahyPermissionDefinitionTests.Should_Define_All_Zahy_Permissions(permissionName: &quot;Zahy.Payouts.Read&quot;)" storage="c:\users\a-r7m\onedrive\سطح المكتب\partner portal-zahy\test\zahy.identity.tests\bin\debug\net10.0\zahy.identity.tests.dll" id="173c5274-006a-1657-2664-8eddef179928">
      <Execution id="2e349182-7b4e-432e-8ab1-c56276116550" />
      <TestMethod codeBase="C:\Users\a-r7m\OneDrive\سطح المكتب\partner portal-zahy\test\Zahy.Identity.Tests\bin\Debug\net10.0\Zahy.Identity.Tests.dll" adapterTypeName="executor://xunit/VsTestRunner3/netcore/" className="Zahy.Identity.Permissions.ZahyPermissionDefinitionTests" name="Should_Define_All_Zahy_Permissions" />
    </UnitTest>
    <UnitTest name="Zahy.Identity.Permissions.ZahyPermissionDefinitionTests.Should_Define_All_Zahy_Permissions(permissionName: &quot;Zahy.Catalog.Read&quot;)" storage="c:\users\a-r7m\onedrive\سطح المكتب\partner portal-zahy\test\zahy.identity.tests\bin\debug\net10.0\zahy.identity.tests.dll" id="265f2d45-ff4d-186b-cf61-8cc0d69994d0">
      <Execution id="1c8c629d-d931-4a17-96ad-3ddb8968e88c" />
      <TestMethod codeBase="C:\Users\a-r7m\OneDrive\سطح المكتب\partner portal-zahy\test\Zahy.Identity.Tests\bin\Debug\net10.0\Zahy.Identity.Tests.dll" adapterTypeName="executor://xunit/VsTestRunner3/netcore/" className="Zahy.Identity.Permissions.ZahyPermissionDefinitionTests" name="Should_Define_All_Zahy_Permissions" />
    </UnitTest>
    <UnitTest name="Zahy.Identity.Auditing.AdminAuditLoggerTests.Should_Record_A_Consequential_Action" storage="c:\users\a-r7m\onedrive\سطح المكتب\partner portal-zahy\test\zahy.identity.tests\bin\debug\net10.0\zahy.identity.tests.dll" id="9cccf95f-5d40-0720-94c5-5febfb77f727">
      <Execution id="ee68c3ba-c9ca-4ce2-92d7-63d136f2c1ae" />
      <TestMethod codeBase="C:\Users\a-r7m\OneDrive\سطح المكتب\partner portal-zahy\test\Zahy.Identity.Tests\bin\Debug\net10.0\Zahy.Identity.Tests.dll" adapterTypeName="executor://xunit/VsTestRunner3/netcore/" className="Zahy.Identity.Auditing.AdminAuditLoggerTests" name="Should_Record_A_Consequential_Action" />
    </UnitTest>
    <UnitTest name="Zahy.Identity.Permissions.ZahyPermissionDefinitionTests.Should_Define_All_Zahy_Permissions(permissionName: &quot;Zahy.Orders.Read&quot;)" storage="c:\users\a-r7m\onedrive\سطح المكتب\partner portal-zahy\test\zahy.identity.tests\bin\debug\net10.0\zahy.identity.tests.dll" id="22b59c5c-6ae2-94b2-eb0f-2a39d53512d5">
      <Execution id="8b5a55a9-6efd-4f6f-9b5c-64a1878ee423" />
      <TestMethod codeBase="C:\Users\a-r7m\OneDrive\سطح المكتب\partner portal-zahy\test\Zahy.Identity.Tests\bin\Debug\net10.0\Zahy.Identity.Tests.dll" adapterTypeName="executor://xunit/VsTestRunner3/netcore/" className="Zahy.Identity.Permissions.ZahyPermissionDefinitionTests" name="Should_Define_All_Zahy_Permissions" />
    </UnitTest>
    <UnitTest name="Zahy.Identity.OpenIddictSeedTests.Seeding_Should_Be_Idempotent" storage="c:\users\a-r7m\onedrive\سطح المكتب\partner portal-zahy\test\zahy.identity.tests\bin\debug\net10.0\zahy.identity.tests.dll" id="69a9ce17-8dbe-f264-16e8-340e1fc46bf4">
      <Execution id="f6978011-8853-4a22-ada6-1201bf41adf9" />
      <TestMethod codeBase="C:\Users\a-r7m\OneDrive\سطح المكتب\partner portal-zahy\test\Zahy.Identity.Tests\bin\Debug\net10.0\Zahy.Identity.Tests.dll" adapterTypeName="executor://xunit/VsTestRunner3/netcore/" className="Zahy.Identity.OpenIddictSeedTests" name="Seeding_Should_Be_Idempotent" />
    </UnitTest>
    <UnitTest name="Zahy.Identity.OpenIddictSeedTests.Should_Seed_All_Scopes_And_Web_Clients" storage="c:\users\a-r7m\onedrive\سطح المكتب\partner portal-zahy\test\zahy.identity.tests\bin\debug\net10.0\zahy.identity.tests.dll" id="a68f44e8-180e-bbb0-5819-389fe6f6952b">
      <Execution id="f5910c6d-c937-422e-801f-5ff8a87715fa" />
      <TestMethod codeBase="C:\Users\a-r7m\OneDrive\سطح المكتب\partner portal-zahy\test\Zahy.Identity.Tests\bin\Debug\net10.0\Zahy.Identity.Tests.dll" adapterTypeName="executor://xunit/VsTestRunner3/netcore/" className="Zahy.Identity.OpenIddictSeedTests" name="Should_Seed_All_Scopes_And_Web_Clients" />
    </UnitTest>
    <UnitTest name="Zahy.Identity.OpenIddictSeedTests.Partner_Web_Client_Should_Be_Public_With_AuthCode_And_Pkce" storage="c:\users\a-r7m\onedrive\سطح المكتب\partner portal-zahy\test\zahy.identity.tests\bin\debug\net10.0\zahy.identity.tests.dll" id="2a009ac7-db81-beec-6bf4-bec2725f8b03">
      <Execution id="e706b3bf-189e-4b86-846d-9a082ec2a463" />
      <TestMethod codeBase="C:\Users\a-r7m\OneDrive\سطح المكتب\partner portal-zahy\test\Zahy.Identity.Tests\bin\Debug\net10.0\Zahy.Identity.Tests.dll" adapterTypeName="executor://xunit/VsTestRunner3/netcore/" className="Zahy.Identity.OpenIddictSeedTests" name="Partner_Web_Client_Should_Be_Public_With_AuthCode_And_Pkce" />
    </UnitTest>
    <UnitTest name="Zahy.Identity.OpenIddict.PartnerM2MClientProvisionerTests.Should_Return_M2M_Client_Secret_Only_Once_In_Provision_Result" storage="c:\users\a-r7m\onedrive\سطح المكتب\partner portal-zahy\test\zahy.identity.tests\bin\debug\net10.0\zahy.identity.tests.dll" id="e11b1ea0-45a0-27a6-7894-c12123ad4368">
      <Execution id="d63a806e-0523-49f5-968a-678cc878b280" />
      <TestMethod codeBase="C:\Users\a-r7m\OneDrive\سطح المكتب\partner portal-zahy\test\Zahy.Identity.Tests\bin\Debug\net10.0\Zahy.Identity.Tests.dll" adapterTypeName="executor://xunit/VsTestRunner3/netcore/" className="Zahy.Identity.OpenIddict.PartnerM2MClientProvisionerTests" name="Should_Return_M2M_Client_Secret_Only_Once_In_Provision_Result" />
    </UnitTest>
  </TestDefinitions>
  <TestEntries>
    <TestEntry testId="69a9ce17-8dbe-f264-16e8-340e1fc46bf4" executionId="f6978011-8853-4a22-ada6-1201bf41adf9" testListId="8c84fa94-04c1-424b-9868-57a2d4851a1d" />
    <TestEntry testId="bcc3c87b-310b-748f-3bec-d90683228ad9" executionId="d837a340-9fa2-46a5-9e0a-a77d85954b29" testListId="8c84fa94-04c1-424b-9868-57a2d4851a1d" />
    <TestEntry testId="b7df1ea2-a6b9-cb67-16f4-e39667437600" executionId="ed5b4ab0-8808-420d-9619-8d94ecb10756" testListId="8c84fa94-04c1-424b-9868-57a2d4851a1d" />
    <TestEntry testId="a68f44e8-180e-bbb0-5819-389fe6f6952b" executionId="f5910c6d-c937-422e-801f-5ff8a87715fa" testListId="8c84fa94-04c1-424b-9868-57a2d4851a1d" />
    <TestEntry testId="d9a16597-bfef-3405-3b0e-cc66f1ea0d9e" executionId="ef647374-8e25-4da0-909e-1e977de50590" testListId="8c84fa94-04c1-424b-9868-57a2d4851a1d" />
    <TestEntry testId="1c7b290a-cb06-f3ed-d44f-44eb35725570" executionId="ed3ef9c5-4576-4744-a8f5-7e44c421ab88" testListId="8c84fa94-04c1-424b-9868-57a2d4851a1d" />
    <TestEntry testId="ea3f3ff3-d344-a485-649c-96fd8c1c7f26" executionId="8283b94c-274a-4bb2-9235-e049b5aef3dd" testListId="8c84fa94-04c1-424b-9868-57a2d4851a1d" />
    <TestEntry testId="4a015947-56b5-f8c5-1ddf-40380562fbbf" executionId="0ab71c1e-5815-4722-8493-e929488a4619" testListId="8c84fa94-04c1-424b-9868-57a2d4851a1d" />
    <TestEntry testId="e0060568-4a6d-c994-bf6f-14b5c308f074" executionId="32bb2ed0-c8fb-4c37-b425-7da48abcf32e" testListId="8c84fa94-04c1-424b-9868-57a2d4851a1d" />
    <TestEntry testId="22b59c5c-6ae2-94b2-eb0f-2a39d53512d5" executionId="8b5a55a9-6efd-4f6f-9b5c-64a1878ee423" testListId="8c84fa94-04c1-424b-9868-57a2d4851a1d" />
    <TestEntry testId="977d2c57-7b1d-e972-965a-8d14ae3f7a97" executionId="401a8ad9-48c9-4773-bf76-221064dbe12d" testListId="8c84fa94-04c1-424b-9868-57a2d4851a1d" />
    <TestEntry testId="4c3be900-97ef-be13-f6ed-020c5f48a093" executionId="5cde7f9f-ade0-43c6-8889-7d8862c3aaf8" testListId="8c84fa94-04c1-424b-9868-57a2d4851a1d" />
    <TestEntry testId="2a009ac7-db81-beec-6bf4-bec2725f8b03" executionId="e706b3bf-189e-4b86-846d-9a082ec2a463" testListId="8c84fa94-04c1-424b-9868-57a2d4851a1d" />
    <TestEntry testId="ffa12900-416d-146e-5e30-818522c60f3a" executionId="71cb7738-54c5-438d-aa68-6eb4c295aca1" testListId="8c84fa94-04c1-424b-9868-57a2d4851a1d" />
    <TestEntry testId="e11b1ea0-45a0-27a6-7894-c12123ad4368" executionId="d63a806e-0523-49f5-968a-678cc878b280" testListId="8c84fa94-04c1-424b-9868-57a2d4851a1d" />
    <TestEntry testId="265f2d45-ff4d-186b-cf61-8cc0d69994d0" executionId="1c8c629d-d931-4a17-96ad-3ddb8968e88c" testListId="8c84fa94-04c1-424b-9868-57a2d4851a1d" />
    <TestEntry testId="d623c2a3-2d50-6f85-f8c0-5a3405006e84" executionId="cb37d95a-413c-48fa-a7dc-7649952fac85" testListId="8c84fa94-04c1-424b-9868-57a2d4851a1d" />
    <TestEntry testId="173c5274-006a-1657-2664-8eddef179928" executionId="2e349182-7b4e-432e-8ab1-c56276116550" testListId="8c84fa94-04c1-424b-9868-57a2d4851a1d" />
    <TestEntry testId="80b0c5b4-e7fe-8bfb-ca3a-d6c02f06025e" executionId="03d9b073-e73b-416b-8df0-69760e079465" testListId="8c84fa94-04c1-424b-9868-57a2d4851a1d" />
    <TestEntry testId="d9613e99-1eb9-d169-bcf4-41f124c4ceec" executionId="fc43366a-51ec-4b02-b3bf-f7ddcaeabd99" testListId="8c84fa94-04c1-424b-9868-57a2d4851a1d" />
    <TestEntry testId="4fc2b522-7ed0-869c-53b2-3b920c5d3a1d" executionId="b1374114-f1c7-4341-964e-a35979da6cb8" testListId="8c84fa94-04c1-424b-9868-57a2d4851a1d" />
    <TestEntry testId="5d28409a-5663-29a3-b4c4-4856d20fcdc3" executionId="ef65b112-cbe2-46bd-9001-57b5b7a69785" testListId="8c84fa94-04c1-424b-9868-57a2d4851a1d" />
    <TestEntry testId="503f522d-6671-6ef9-3128-bae26381a558" executionId="5448b32f-f6e2-41ef-a872-03507609e6e1" testListId="8c84fa94-04c1-424b-9868-57a2d4851a1d" />
    <TestEntry testId="cf9330ac-c509-f6dc-8508-e5f19bbf46d4" executionId="f1330ccb-1058-4a25-b1a6-7604c6a7a70a" testListId="8c84fa94-04c1-424b-9868-57a2d4851a1d" />
    <TestEntry testId="fdc284c3-d43b-2425-a985-8b179d1f5daf" executionId="81e77597-5127-4a55-9e3b-71fa10522b6a" testListId="8c84fa94-04c1-424b-9868-57a2d4851a1d" />
    <TestEntry testId="29b06de1-a31f-98a8-3ecf-6e7050e1a439" executionId="c2e32cd2-38f0-456c-8d50-fe8fb1bea8ec" testListId="8c84fa94-04c1-424b-9868-57a2d4851a1d" />
    <TestEntry testId="c5b5bc41-6f28-2b3f-ec52-bb6283d8471f" executionId="99cf0ea7-fb60-41eb-b359-39831b765a36" testListId="8c84fa94-04c1-424b-9868-57a2d4851a1d" />
    <TestEntry testId="85e1d581-3718-79b2-60ca-57f3c8172a28" executionId="55e873ed-9ecb-4c9e-be9d-6203a538f6b1" testListId="8c84fa94-04c1-424b-9868-57a2d4851a1d" />
    <TestEntry testId="9d9f0c45-3eda-69f8-1e19-3c2ef014377d" executionId="0b7a42ce-b247-41aa-88d5-d0e130652678" testListId="8c84fa94-04c1-424b-9868-57a2d4851a1d" />
    <TestEntry testId="23b2ad75-3742-517e-be7c-47a29020ce32" executionId="5cddf450-720f-4618-bb51-9b8ccf99c441" testListId="8c84fa94-04c1-424b-9868-57a2d4851a1d" />
    <TestEntry testId="9cccf95f-5d40-0720-94c5-5febfb77f727" executionId="ee68c3ba-c9ca-4ce2-92d7-63d136f2c1ae" testListId="8c84fa94-04c1-424b-9868-57a2d4851a1d" />
    <TestEntry testId="212665e5-4093-aa2f-ca4e-80d3d793ea1d" executionId="9062bd8c-e90a-4989-9a10-ba36f3a8ae01" testListId="8c84fa94-04c1-424b-9868-57a2d4851a1d" />
    <TestEntry testId="bbcbb5e5-aed9-53c8-7d57-b32c3854e896" executionId="cd75e001-7193-40e6-a787-a4edfb1ed495" testListId="8c84fa94-04c1-424b-9868-57a2d4851a1d" />
    <TestEntry testId="b031c62d-76c2-b5b1-150d-a13039e3e93b" executionId="68cca0e4-7a25-49bb-b716-ee9b2d51d83f" testListId="8c84fa94-04c1-424b-9868-57a2d4851a1d" />
    <TestEntry testId="d8e8b03d-192c-aef2-2a9c-f40139e0204d" executionId="639c1ac6-ca9e-4833-a67b-ce7f33c157ee" testListId="8c84fa94-04c1-424b-9868-57a2d4851a1d" />
  </TestEntries>
  <TestLists>
    <TestList name="Results Not in a List" id="8c84fa94-04c1-424b-9868-57a2d4851a1d" />
    <TestList name="All Loaded Results" id="19431567-8539-422a-85d7-44ee4e166bda" />
  </TestLists>
  <ResultSummary outcome="Completed">
    <Counters total="35" executed="35" passed="35" failed="0" error="0" timeout="0" aborted="0" inconclusive="0" passedButRunAborted="0" notRunnable="0" notExecuted="0" disconnected="0" warning="0" completed="0" inProgress="0" pending="0" />
    <Output>
      <StdOut>[xUnit.net 00:00:00.01] xUnit.net VSTest Adapter v3.0.2+dd36e86129 (64-bit .NET 10.0.8)&#xD;
[xUnit.net 00:00:00.41]   Discovering: Zahy.Identity.Tests&#xD;
[xUnit.net 00:00:00.56]   Discovered:  Zahy.Identity.Tests&#xD;
[xUnit.net 00:00:00.66]   Starting:    Zahy.Identity.Tests&#xD;
[xUnit.net 00:00:25.01]   Finished:    Zahy.Identity.Tests&#xD;
</StdOut>
    </Output>
  </ResultSummary>
</TestRun>